<?xml version="1.0" encoding="UTF-8"?>
<Site BuildName="(empty)"
	BuildStamp="20250402-0632-Experimental"
	Name="magne-ASUS-Vivobook-S-14-M5406WA-M5406WA"
	Generator="ctest-3.22.1"
	CompilerName="/usr/bin/c++"
	CompilerVersion="11.4.0"
	OSName="Linux"
	Hostname="magne-ASUS-Vivobook-S-14-M5406WA-M5406WA"
	OSRelease="6.8.0-52-generic"
	OSVersion="#53~22.04.1-Ubuntu SMP PREEMPT_DYNAMIC Wed Jan 15 19:18:46 UTC 2"
	OSPlatform="x86_64"
	Is64Bits="1"
	VendorString="AuthenticAMD"
	VendorID="Advanced Micro Devices"
	FamilyID="26"
	ModelID="36"
	ProcessorCacheSize="1024"
	NumberOfLogicalCPU="20"
	NumberOfPhysicalCPU="10"
	TotalVirtualMemory="2047"
	TotalPhysicalMemory="31200"
	LogicalProcessorsPerPhysical="2"
	ProcessorClockFrequency="4488.99"
	>
	<Testing>
		<StartDateTime>Apr 02 11:26 CEST</StartDateTime>
		<StartTestTime>1743586015</StartTestTime>
		<TestList/>
		<EndDateTime>Apr 02 11:26 CEST</EndDateTime>
		<EndTestTime>1743586015</EndTestTime>
		<ElapsedMinutes>0</ElapsedMinutes>
	</Testing>
</Site>
