<?xml version="1.0" encoding="UTF-8"?>
<Site BuildName="(empty)"
	BuildStamp="20250326-0720-Experimental"
	Name="magne-ASUS-Vivobook-S-14-M5406WA-M5406WA"
	Generator="ctest-3.22.1"
	CompilerName="/usr/bin/c++"
	CompilerVersion="11.4.0"
	OSName="Linux"
	Hostname="magne-ASUS-Vivobook-S-14-M5406WA-M5406WA"
	OSRelease="6.8.0-52-generic"
	OSVersion="#53~22.04.1-Ubuntu SMP PREEMPT_DYNAMIC Wed Jan 15 19:18:46 UTC 2"
	OSPlatform="x86_64"
	Is64Bits="1"
	VendorString="AuthenticAMD"
	VendorID="Advanced Micro Devices"
	FamilyID="26"
	ModelID="36"
	ProcessorCacheSize="1024"
	NumberOfLogicalCPU="20"
	NumberOfPhysicalCPU="10"
	TotalVirtualMemory="2047"
	TotalPhysicalMemory="31200"
	LogicalProcessorsPerPhysical="2"
	ProcessorClockFrequency="4287.97"
	>
	<Testing>
		<StartDateTime>Mar 26 13:53 CET</StartDateTime>
		<StartTestTime>1742993590</StartTestTime>
		<TestList/>
		<EndDateTime>Mar 26 13:53 CET</EndDateTime>
		<EndTestTime>1742993590</EndTestTime>
		<ElapsedMinutes>0</ElapsedMinutes>
	</Testing>
</Site>
